0 info it worked if it ends with ok
1 verbose cli [ '/Users/jogbonna/.nvm/versions/node/v6.11.5/bin/node',
1 verbose cli   '/Users/jogbonna/.nvm/versions/node/v6.11.5/bin/npm',
1 verbose cli   'start' ]
2 info using npm@3.10.10
3 info using node@v6.11.5
4 verbose run-script [ 'prestart', 'start', 'poststart' ]
5 info lifecycle cruncheemuncheesserver@1.0.0~prestart: cruncheemuncheesserver@1.0.0
6 silly lifecycle cruncheemuncheesserver@1.0.0~prestart: no script for prestart, continuing
7 info lifecycle cruncheemuncheesserver@1.0.0~start: cruncheemuncheesserver@1.0.0
8 verbose lifecycle cruncheemuncheesserver@1.0.0~start: unsafe-perm in lifecycle true
9 verbose lifecycle cruncheemuncheesserver@1.0.0~start: PATH: /Users/jogbonna/.nvm/versions/node/v6.11.5/lib/node_modules/npm/bin/node-gyp-bin:/Users/jogbonna/personal/content/cruncheemunchees/server/node_modules/.bin:/Library/Frameworks/Python.framework/Versions/3.10/bin:/Users/jogbonna/.nvm/versions/node/v6.11.5/bin:/opt/local/bin:/opt/local/sbin:/opt/local/bin:/opt/local/sbin:/usr/local/bin:/usr/bin:/bin:/usr/sbin:/sbin:/Library/Frameworks/Python.framework/Versions/3.10/bin:/opt/local/bin:/opt/local/sbin:/usr/local/easysoft/unixODBC/lib:/Applications/Postgres.app/Contents/Versions/latest/bin:/Users/jogbonna/dev/elasticsearch-1.7.3/bin:/Library/Java/JavaVirtualMachines/jdk1.8.0_74.jdk/Contents/Home/bin:/Users/migbo/oracle/lib/instantclient_19_8:/usr/local/mysql/bin:/usr/local/easysoft/unixODBC/lib:/Applications/Postgres.app/Contents/Versions/latest/bin:/Users/jogbonna/dev/elasticsearch-1.7.3/bin:/Library/Java/JavaVirtualMachines/jdk1.8.0_74.jdk/Contents/Home/bin:/Users/migbo/oracle/lib/instantclient_19_8:/usr/local/mysql/bin
10 verbose lifecycle cruncheemuncheesserver@1.0.0~start: CWD: /Users/jogbonna/personal/content/cruncheemunchees/server
11 silly lifecycle cruncheemuncheesserver@1.0.0~start: Args: [ '-c', 'nodemon server' ]
12 silly lifecycle cruncheemuncheesserver@1.0.0~start: Returned: code: 1  signal: null
13 info lifecycle cruncheemuncheesserver@1.0.0~start: Failed to exec start script
14 verbose stack Error: cruncheemuncheesserver@1.0.0 start: `nodemon server`
14 verbose stack Exit status 1
14 verbose stack     at EventEmitter.<anonymous> (/Users/jogbonna/.nvm/versions/node/v6.11.5/lib/node_modules/npm/lib/utils/lifecycle.js:255:16)
14 verbose stack     at emitTwo (events.js:106:13)
14 verbose stack     at EventEmitter.emit (events.js:191:7)
14 verbose stack     at ChildProcess.<anonymous> (/Users/jogbonna/.nvm/versions/node/v6.11.5/lib/node_modules/npm/lib/utils/spawn.js:40:14)
14 verbose stack     at emitTwo (events.js:106:13)
14 verbose stack     at ChildProcess.emit (events.js:191:7)
14 verbose stack     at maybeClose (internal/child_process.js:920:16)
14 verbose stack     at Process.ChildProcess._handle.onexit (internal/child_process.js:230:5)
15 verbose pkgid cruncheemuncheesserver@1.0.0
16 verbose cwd /Users/jogbonna/personal/content/cruncheemunchees/server
17 error Darwin 19.6.0
18 error argv "/Users/jogbonna/.nvm/versions/node/v6.11.5/bin/node" "/Users/jogbonna/.nvm/versions/node/v6.11.5/bin/npm" "start"
19 error node v6.11.5
20 error npm  v3.10.10
21 error code ELIFECYCLE
22 error cruncheemuncheesserver@1.0.0 start: `nodemon server`
22 error Exit status 1
23 error Failed at the cruncheemuncheesserver@1.0.0 start script 'nodemon server'.
23 error Make sure you have the latest version of node.js and npm installed.
23 error If you do, this is most likely a problem with the cruncheemuncheesserver package,
23 error not with npm itself.
23 error Tell the author that this fails on your system:
23 error     nodemon server
23 error You can get information on how to open an issue for this project with:
23 error     npm bugs cruncheemuncheesserver
23 error Or if that isn't available, you can get their info via:
23 error     npm owner ls cruncheemuncheesserver
23 error There is likely additional logging output above.
24 verbose exit [ 1, true ]
